Script started on Sat 22 Apr 2017 01:18:27 AM PDT
]0;invainn@work: ~/cs302/PA06[01;32minvainn@work[00m:[01;34m~/cs302/PA06[00m$ ./main
Height of tree: 13

9 
12 
14 
15 
21 
22 
23 
28 
31 
32 
36 
38 
40 
41 
44 
50 
52 
53 
53 
55 
56 
57 
57 
57 
58 
58 
61 
63 
64 
67 
70 
71 
72 
74 
74 
79 
79 
84 
89 
90 
90 
93 
94 
96 
97 
100 
101 
104 
104 
105 
108 
109 
112 
112 
119 
123 
124 
125 
125 
127 
128 
128 
131 
131 
132 
133 
133 
133 
135 
138 
139 
141 
144 
146 
146 
147 
157 
157 
157 
159 
162 
168 
168 
173 
174 
174 
176 
177 
182 
182 
182 
184 
186 
192 
192 
196 
196 
198 
198 
199 

Pre-order, in-order, and postorder of BST2
57 
127 
144 
159 
174 
139 
133 
72 
9 
40 

9 
40 
57 
72 
127 
133 
139 
144 
159 
174 

40 
9 
72 
133 
139 
174 
159 
144 
127 
57 

Removed 1 numbers from BST1
Removed 2 numbers from BST1
Removed 3 numbers from BST1
Removed 4 numbers from BST1
Removed 5 numbers from BST1
Removed 6 numbers from BST1
Removed 7 numbers from BST1
Removed 8 numbers from BST1
Removed 9 numbers from BST1
Removed 10 numbers from BST1

Height of modified BST1 13

Number of nodes of BST1 90

In-order traverse of BST1
12 
14 
15 
21 
22 
23 
28 
31 
32 
36 
38 
41 
44 
50 
52 
53 
53 
55 
56 
57 
57 
58 
58 
61 
63 
64 
67 
70 
71 
74 
74 
79 
79 
84 
89 
90 
90 
93 
94 
96 
97 
100 
101 
104 
104 
105 
108 
109 
112 
112 
119 
123 
124 
125 
125 
128 
128 
131 
131 
132 
133 
133 
135 
138 
141 
146 
146 
147 
157 
157 
157 
162 
168 
168 
173 
174 
176 
177 
182 
182 
182 
184 
186 
192 
192 
196 
196 
198 
198 
199 

Is BST1 empty: 0
Is BST2 empty: 0
Cleared BST1 and BST2
Is BST1 empty: 1
Is BST2 empty: 1
]0;invainn@work: ~/cs302/PA06[01;32minvainn@work[00m:[01;34m~/cs302/PA06[00m$ exit
exit

Script done on Sat 22 Apr 2017 01:18:31 AM PDT
